This is LuaHBTeX, Version 1.17.1 (MiKTeX 24.1) (format=lualatex 2024.11.23)  22 JAN 2025 23:37
 restricted system commands enabled.
**main.tex
(./main.tex
LaTeX2e <2023-11-01> patch level 1
L3 programming layer <2024-01-04>
Lua module: luaotfload 2023-08-31 3.26 Lua based OpenType font support
Lua module: lualibs 2023-07-13 2.76 ConTeXt Lua standard libraries.
Lua module: lualibs-extended 2023-07-13 2.76 ConTeXt Lua libraries -- extended c
ollection.
luaotfload | conf : Root cache directory is "C:/Users/user/AppData/Local/MiKTeX/
luatex-cache/generic/names".
luaotfload | init : Loading fontloader "fontloader-2023-08-19.lua" from kpse-res
olved path "C:/Users/user/AppData/Local/Programs/MiKTeX/tex/luatex/luaotfload/fo
ntloader-2023-08-19.lua".
Lua-only attribute luaotfload@noligature = 1
luaotfload | init : Context OpenType loader version 3.133
Inserting `luaotfload.node_processor' in `pre_linebreak_filter'.
Inserting `luaotfload.node_processor' in `hpack_filter'.
Inserting `luaotfload.glyph_stream' in `glyph_stream_provider'.
Inserting `luaotfload.define_font' in `define_font'.
Lua-only attribute luaotfload_color_attribute = 2
luaotfload | conf : Root cache directory is "C:/Users/user/AppData/Local/MiKTeX/
luatex-cache/generic/names".
Inserting `luaotfload.harf.strip_prefix' in `find_opentype_file'.
Inserting `luaotfload.harf.strip_prefix' in `find_truetype_file'.
Removing  `luaotfload.glyph_stream' from `glyph_stream_provider'.
Inserting `luaotfload.harf.glyphstream' in `glyph_stream_provider'.
Inserting `luaotfload.harf.finalize_vlist' in `post_linebreak_filter'.
Inserting `luaotfload.harf.finalize_hlist' in `hpack_filter'.
Inserting `luaotfload.cleanup_files' in `wrapup_run'.
Inserting `luaotfload.harf.finalize_unicode' in `finish_pdffile'.
Inserting `luaotfload.glyphinfo' in `glyph_info'.
Lua-only attribute luaotfload.letterspace_done = 3
Inserting `luaotfload.aux.set_sscale_dimens' in `luaotfload.patch_font'.
Inserting `luaotfload.aux.set_font_index' in `luaotfload.patch_font'.
Inserting `luaotfload.aux.patch_cambria_domh' in `luaotfload.patch_font'.
Inserting `luaotfload.aux.fixup_fontdata' in `luaotfload.patch_font_unsafe'.
Inserting `luaotfload.aux.set_capheight' in `luaotfload.patch_font'.
Inserting `luaotfload.aux.set_xheight' in `luaotfload.patch_font'.
Inserting `luaotfload.rewrite_fontname' in `luaotfload.patch_font'.
Inserting `tracingstacklevels' in `input_level_string'. (C:/Users/user/AppData/
Local/Programs/MiKTeX/tex/latex/base/article.cls
Document Class: article 2023/05/17 v1.4n Standard LaTeX document class
(C:/Users/user/AppData/Local/Programs/MiKTeX/tex/latex/base/size10.clo
File: size10.clo 2023/05/17 v1.4n Standard LaTeX file (size option)
luaotfload | db : Font names database loaded from C:/Users/user/AppData/Local/Mi
KTeX/luatex-cache/generic/names/luaotfload-names.luc.gz)
\c@part=\count185
\c@section=\count186
\c@subsection=\count187
\c@subsubsection=\count188
\c@paragraph=\count189
\c@subparagraph=\count190
\c@figure=\count191
\c@table=\count192
\abovecaptionskip=\skip48
\belowcaptionskip=\skip49
\bibindent=\dimen139
)
(C:/Users/user/AppData/Local/Programs/MiKTeX/tex/latex/geometry/geometry.sty
Package: geometry 2020/01/02 v5.9 Page Geometry

(C:/Users/user/AppData/Local/Programs/MiKTeX/tex/latex/graphics/keyval.sty
Package: keyval 2022/05/29 v1.15 key=value parser (DPC)
\KV@toks@=\toks17
)
(C:/Users/user/AppData/Local/Programs/MiKTeX/tex/generic/iftex/ifvtex.sty
Package: ifvtex 2019/10/25 v1.7 ifvtex legacy package. Use iftex instead.

(C:/Users/user/AppData/Local/Programs/MiKTeX/tex/generic/iftex/iftex.sty
Package: iftex 2022/02/03 v1.0f TeX engine tests
))
\Gm@cnth=\count193
\Gm@cntv=\count194
\c@Gm@tempcnt=\count195
\Gm@bindingoffset=\dimen140
\Gm@wd@mp=\dimen141
\Gm@odd@mp=\dimen142
\Gm@even@mp=\dimen143
\Gm@layoutwidth=\dimen144
\Gm@layoutheight=\dimen145
\Gm@layouthoffset=\dimen146
\Gm@layoutvoffset=\dimen147
\Gm@dimlist=\toks18

(C:/Users/user/AppData/Local/Programs/MiKTeX/tex/latex/geometry/geometry.cfg))
(C:/Users/user/AppData/Local/Programs/MiKTeX/tex/latex/enumitem/enumitem.sty
Package: enumitem 2019/06/20 v3.9 Customized lists
\labelindent=\skip50
\enit@outerparindent=\dimen148
\enit@toks=\toks19
\enit@inbox=\box51
\enit@count@id=\count196
\enitdp@description=\count197
)
(C:/Users/user/AppData/Local/Programs/MiKTeX/tex/latex/graphics/graphicx.sty
Package: graphicx 2021/09/16 v1.2d Enhanced LaTeX Graphics (DPC,SPQR)

(C:/Users/user/AppData/Local/Programs/MiKTeX/tex/latex/graphics/graphics.sty
Package: graphics 2022/03/10 v1.4e Standard LaTeX Graphics (DPC,SPQR)

(C:/Users/user/AppData/Local/Programs/MiKTeX/tex/latex/graphics/trig.sty
Package: trig 2021/08/11 v1.11 sin cos tan (DPC)
)
(C:/Users/user/AppData/Local/Programs/MiKTeX/tex/latex/graphics-cfg/graphics.cf
g
File: graphics.cfg 2016/06/04 v1.11 sample graphics configuration
)
Package graphics Info: Driver file: luatex.def on input line 107.

(C:/Users/user/AppData/Local/Programs/MiKTeX/tex/latex/graphics-def/luatex.def
File: luatex.def 2022/09/22 v1.2d Graphics/color driver for luatex
))
\Gin@req@height=\dimen149
\Gin@req@width=\dimen150
) (C:/Users/user/AppData/Local/Programs/MiKTeX/tex/latex/tools/array.sty
Package: array 2023/10/16 v2.5g Tabular extension package (FMi)
\col@sep=\dimen151
\ar@mcellbox=\box52
\extrarowheight=\dimen152
\NC@list=\toks20
\extratabsurround=\skip51
\backup@length=\skip52
\ar@cellbox=\box53
)
(C:/Users/user/AppData/Local/Programs/MiKTeX/tex/latex/tasks/tasks.sty
(C:/Users/user/AppData/Local/Programs/MiKTeX/tex/latex/l3kernel/expl3.sty
Package: expl3 2024-01-04 L3 programming layer (loader) 

(C:/Users/user/AppData/Local/Programs/MiKTeX/tex/latex/l3backend/l3backend-luat
ex.def
File: l3backend-luatex.def 2024-01-04 L3 backend support: PDF output (LuaTeX)
\l__color_backend_stack_int=\count198
Inserting `l3color' in `luaotfload.parse_color'.
\l__pdf_internal_box=\box54
))
(C:/Users/user/AppData/Local/Programs/MiKTeX/tex/latex/l3packages/xparse/xparse
.sty
Package: xparse 2023-10-10 L3 Experimental document command parser
)
(C:/Users/user/AppData/Local/Programs/MiKTeX/tex/latex/l3packages/xtemplate/xte
mplate.sty
Package: xtemplate 2023-10-10 L3 Experimental prototype document functions
\l__xtemplate_tmp_dim=\dimen153
\l__xtemplate_tmp_int=\count199
\l__xtemplate_tmp_muskip=\muskip16
\l__xtemplate_tmp_skip=\skip53
)
Package: tasks 2022/01/08 v1.4a lists with columns filled horizontally
\g__tasks_total_items_int=\count266
\l__tasks_columns_int=\count267
\g__tasks_rows_int=\count268
\g__tasks_current_col_num_int=\count269
\g__tasks_current_row_num_int=\count270
\l__tasks_item_columns_int=\count271
\g__tasks_env_int=\count272
\l__tasks_start_int=\count273
\l__tasks_item_indent_dim=\dimen154
\l__tasks_item_default_indent_dim=\dimen155
\l__tasks_item_width_dim=\dimen156
\l__tasks_label_width_dim=\dimen157
\l__tasks_label_default_width_dim=\dimen158
\l__tasks_label_offset_dim=\dimen159
\l__tasks_label_default_offset_dim=\dimen160
\l__tasks_column_sep_dim=\dimen161
\l__tasks_correction_dim=\dimen162
\l__tasks_full_width_dim=\dimen163
\l__tasks_after_item_skip=\skip54
\l__tasks_custom_after_item_skip=\skip55
\l__tasks_before_list_skip=\skip56
\l__tasks_after_list_skip=\skip57
\l__tasks_item_coffin=\box55
\l__tasks_label_coffin=\box56
\c@task=\count274
\l__tasks_tmpa_int=\count275
\l__tasks_tmpb_int=\count276
\l__tasks_tmpa_coffin=\box57
\l__tasks_tmpa_box=\box58

Package xtemplate Info: Declaring object type 'tasks' taking 3 argument(s) on
(xtemplate)             line 450.


(C:/Users/user/AppData/Local/Programs/MiKTeX/tex/latex/tasks/tasks.cfg))
(C:/Users/user/AppData/Local/Programs/MiKTeX/tex/latex/blindtext/blindtext.sty
Package: blindtext 2012/01/06 V2.0 blindtext-Package

(C:/Users/user/AppData/Local/Programs/MiKTeX/tex/latex/tools/xspace.sty
Package: xspace 2014/10/28 v1.13 Space after command names (DPC,MH)
)
\c@blindtext=\count277
\c@Blindtext=\count278
\c@blind@countparstart=\count279
\blind@countxx=\count280
\blindtext@numBlindtext=\count281
\blind@countyy=\count282
\c@blindlist=\count283
\c@blindlistlevel=\count284
\c@blindlist@level=\count285
\blind@listitem=\count286
\c@blind@listcount=\count287
\c@blind@levelcount=\count288
\blind@mathformula=\count289
\blind@Mathformula=\count290
\c@blind@randomcount=\count291
\c@blind@randommax=\count292
\c@blind@pangramcount=\count293
\c@blind@pangrammax=\count294
)
(C:/Users/user/AppData/Local/Programs/MiKTeX/tex/latex/amsmath/amsmath.sty
Package: amsmath 2023/05/13 v2.17o AMS math features
\@mathmargin=\skip58

For additional information on amsmath, use the `?' option.
(C:/Users/user/AppData/Local/Programs/MiKTeX/tex/latex/amsmath/amstext.sty
Package: amstext 2021/08/26 v2.01 AMS text

(C:/Users/user/AppData/Local/Programs/MiKTeX/tex/latex/amsmath/amsgen.sty
File: amsgen.sty 1999/11/30 v2.0 generic functions
\@emptytoks=\toks21
\ex@=\dimen164
))
(C:/Users/user/AppData/Local/Programs/MiKTeX/tex/latex/amsmath/amsbsy.sty
Package: amsbsy 1999/11/29 v1.2d Bold Symbols
\pmbraise@=\dimen165
)
(C:/Users/user/AppData/Local/Programs/MiKTeX/tex/latex/amsmath/amsopn.sty
Package: amsopn 2022/04/08 v2.04 operator names
)
\inf@bad=\count295
LaTeX Info: Redefining \frac on input line 236.
\uproot@=\count296
\leftroot@=\count297
LaTeX Info: Redefining \overline on input line 399.
LaTeX Info: Redefining \colon on input line 410.
\classnum@=\count298
\DOTSCASE@=\count299
LaTeX Info: Redefining \ldots on input line 496.
LaTeX Info: Redefining \dots on input line 499.
LaTeX Info: Redefining \cdots on input line 620.
\Mathstrutbox@=\box59
\strutbox@=\box60
LaTeX Info: Redefining \big on input line 722.
LaTeX Info: Redefining \Big on input line 723.
LaTeX Info: Redefining \bigg on input line 724.
LaTeX Info: Redefining \Bigg on input line 725.
\big@size=\dimen166
LaTeX Font Info:    Redeclaring font encoding OML on input line 743.
LaTeX Font Info:    Redeclaring font encoding OMS on input line 744.
\macc@depth=\count300
LaTeX Info: Redefining \bmod on input line 905.
LaTeX Info: Redefining \pmod on input line 910.
LaTeX Info: Redefining \smash on input line 940.
LaTeX Info: Redefining \relbar on input line 970.
LaTeX Info: Redefining \Relbar on input line 971.
\c@MaxMatrixCols=\count301
\dotsspace@=\muskip17
\c@parentequation=\count302
\dspbrk@lvl=\count303
\tag@help=\toks22
\row@=\count304
\column@=\count305
\maxfields@=\count306
\andhelp@=\toks23
\eqnshift@=\dimen167
\alignsep@=\dimen168
\tagshift@=\dimen169
\tagwidth@=\dimen170
\totwidth@=\dimen171
\lineht@=\dimen172
\@envbody=\toks24
\multlinegap=\skip59
\multlinetaggap=\skip60
\mathdisplay@stack=\toks25
LaTeX Info: Redefining \[ on input line 2953.
LaTeX Info: Redefining \] on input line 2954.
)
(C:/Users/user/AppData/Local/Programs/MiKTeX/tex/latex/amsfonts/amsfonts.sty
Package: amsfonts 2013/01/14 v3.01 Basic AMSFonts support
\symAMSa=\mathgroup4
\symAMSb=\mathgroup5
LaTeX Font Info:    Redeclaring math symbol \hbar on input line 98.
LaTeX Font Info:    Overwriting math alphabet `\mathfrak' in version `bold'
(Font)                  U/euf/m/n --> U/euf/b/n on input line 106.
)
(C:/Users/user/AppData/Local/Programs/MiKTeX/tex/latex/amsfonts/amssymb.sty
Package: amssymb 2013/01/14 v3.01 AMS font symbols
)
(C:/Users/user/AppData/Local/Programs/MiKTeX/tex/latex/jknappen/mathrsfs.sty
Package: mathrsfs 1996/01/01 Math RSFS package v1.0 (jk)
\symrsfs=\mathgroup6
)
(C:/Users/user/AppData/Local/Programs/MiKTeX/tex/latex/amscls/amsthm.sty
Package: amsthm 2020/05/29 v2.20.6
\thm@style=\toks26
\thm@bodyfont=\toks27
\thm@headfont=\toks28
\thm@notefont=\toks29
\thm@headpunct=\toks30
\thm@preskip=\skip61
\thm@postskip=\skip62
\thm@headsep=\skip63
\dth@everypar=\toks31
)
(C:/Users/user/AppData/Local/Programs/MiKTeX/tex/latex/fancyhdr/fancyhdr.sty
Package: fancyhdr 2024/07/23 v4.3.1 Extensive control of page headers and foote
rs
\f@nch@headwidth=\skip64
\f@nch@O@elh=\skip65
\f@nch@O@erh=\skip66
\f@nch@O@olh=\skip67
\f@nch@O@orh=\skip68
\f@nch@O@elf=\skip69
\f@nch@O@erf=\skip70
\f@nch@O@olf=\skip71
\f@nch@O@orf=\skip72
)
(C:/Users/user/AppData/Local/Programs/MiKTeX/tex/latex/xcolor/xcolor.sty
Package: xcolor 2023/11/15 v3.01 LaTeX color extensions (UK)

(C:/Users/user/AppData/Local/Programs/MiKTeX/tex/latex/graphics-cfg/color.cfg
File: color.cfg 2016/01/02 v1.6 sample color configuration
)
Package xcolor Info: Driver file: luatex.def on input line 274.

(C:/Users/user/AppData/Local/Programs/MiKTeX/tex/latex/graphics/mathcolor.ltx)
Package xcolor Info: Model `cmy' substituted by `cmy0' on input line 1350.
Package xcolor Info: Model `hsb' substituted by `rgb' on input line 1354.
Package xcolor Info: Model `RGB' extended on input line 1366.
Package xcolor Info: Model `HTML' substituted by `rgb' on input line 1368.
Package xcolor Info: Model `Hsb' substituted by `hsb' on input line 1369.
Package xcolor Info: Model `tHsb' substituted by `hsb' on input line 1370.
Package xcolor Info: Model `HSB' substituted by `hsb' on input line 1371.
Package xcolor Info: Model `Gray' substituted by `gray' on input line 1372.
Package xcolor Info: Model `wave' substituted by `hsb' on input line 1373.
) (C:/Users/user/AppData/Local/Programs/MiKTeX/tex/latex/psnfss/pifont.sty
Package: pifont 2020/03/25 PSNFSS-v9.3 Pi font support (SPQR) 
LaTeX Font Info:    Trying to load font information for U+pzd on input line 63.


(C:/Users/user/AppData/Local/Programs/MiKTeX/tex/latex/psnfss/upzd.fd
File: upzd.fd 2001/06/04 font definitions for U/pzd.
)
LaTeX Font Info:    Trying to load font information for U+psy on input line 64.


(C:/Users/user/AppData/Local/Programs/MiKTeX/tex/latex/psnfss/upsy.fd
File: upsy.fd 2001/06/04 font definitions for U/psy.
))
(C:/Users/user/AppData/Local/Programs/MiKTeX/tex/latex/colortbl/colortbl.sty
Package: colortbl 2024/07/06 v1.0i Color table columns (DPC)
\everycr=\toks32
\minrowclearance=\skip73
\rownum=\count307
)
(C:/Users/user/AppData/Local/Programs/MiKTeX/tex/latex/fancybox/fancybox.sty
Package: fancybox 2010/05/15 1.4

Style option: `fancybox' v1.4 <2010/05/15> (tvz)
\@fancybox=\box61
\shadowsize=\dimen173
\@Sbox=\box62
\do@VerbBox=\toks33
\the@fancyput=\toks34
\this@fancyput=\toks35
\EndVerbatimTokens=\toks36
\Verbatim@Outfile=\write3
\Verbatim@Infile=\read2
) (C:/Users/user/AppData/Local/Programs/MiKTeX/tex/latex/pgfplots/pgfplots.sty
(C:/Users/user/AppData/Local/Programs/MiKTeX/tex/generic/pgfplots/pgfplots.revi
sion.tex)
Package: pgfplots 2021/05/15 v1.18.1 Data Visualization (1.18.1)

(C:/Users/user/AppData/Local/Programs/MiKTeX/tex/latex/pgf/frontendlayer/tikz.s
ty
(C:/Users/user/AppData/Local/Programs/MiKTeX/tex/latex/pgf/basiclayer/pgf.sty
(C:/Users/user/AppData/Local/Programs/MiKTeX/tex/latex/pgf/utilities/pgfrcs.sty

(C:/Users/user/AppData/Local/Programs/MiKTeX/tex/generic/pgf/utilities/pgfutil-
common.tex
\pgfutil@everybye=\toks37
\pgfutil@tempdima=\dimen174
\pgfutil@tempdimb=\dimen175
)
(C:/Users/user/AppData/Local/Programs/MiKTeX/tex/generic/pgf/utilities/pgfutil-
latex.def
\pgfutil@abb=\box63
)
(C:/Users/user/AppData/Local/Programs/MiKTeX/tex/generic/pgf/utilities/pgfrcs.c
ode.tex
(C:/Users/user/AppData/Local/Programs/MiKTeX/tex/generic/pgf/pgf.revision.tex)
Package: pgfrcs 2023-01-15 v3.1.10 (3.1.10)
))
Package: pgf 2023-01-15 v3.1.10 (3.1.10)

(C:/Users/user/AppData/Local/Programs/MiKTeX/tex/latex/pgf/basiclayer/pgfcore.s
ty
(C:/Users/user/AppData/Local/Programs/MiKTeX/tex/latex/pgf/systemlayer/pgfsys.s
ty
(C:/Users/user/AppData/Local/Programs/MiKTeX/tex/generic/pgf/systemlayer/pgfsys
.code.tex
Package: pgfsys 2023-01-15 v3.1.10 (3.1.10)

(C:/Users/user/AppData/Local/Programs/MiKTeX/tex/generic/pgf/utilities/pgfkeys.
code.tex
\pgfkeys@pathtoks=\toks38
\pgfkeys@temptoks=\toks39

(C:/Users/user/AppData/Local/Programs/MiKTeX/tex/generic/pgf/utilities/pgfkeysl
ibraryfiltered.code.tex
\pgfkeys@tmptoks=\toks40
))
\pgf@x=\dimen176
\pgf@y=\dimen177
\pgf@xa=\dimen178
\pgf@ya=\dimen179
\pgf@xb=\dimen180
\pgf@yb=\dimen181
\pgf@xc=\dimen182
\pgf@yc=\dimen183
\pgf@xd=\dimen184
\pgf@yd=\dimen185
\w@pgf@writea=\write4
\r@pgf@reada=\read3
\c@pgf@counta=\count308
\c@pgf@countb=\count309
\c@pgf@countc=\count310
\c@pgf@countd=\count311
\t@pgf@toka=\toks41
\t@pgf@tokb=\toks42
\t@pgf@tokc=\toks43
\pgf@sys@id@count=\count312

(C:/Users/user/AppData/Local/Programs/MiKTeX/tex/generic/pgf/systemlayer/pgf.cf
g
File: pgf.cfg 2023-01-15 v3.1.10 (3.1.10)
)
Driver file for pgf: pgfsys-luatex.def

(C:/Users/user/AppData/Local/Programs/MiKTeX/tex/generic/pgf/systemlayer/pgfsys
-luatex.def
File: pgfsys-luatex.def 2023-01-15 v3.1.10 (3.1.10)

(C:/Users/user/AppData/Local/Programs/MiKTeX/tex/generic/pgf/systemlayer/pgfsys
-common-pdf.def
File: pgfsys-common-pdf.def 2023-01-15 v3.1.10 (3.1.10)
)))
(C:/Users/user/AppData/Local/Programs/MiKTeX/tex/generic/pgf/systemlayer/pgfsys
softpath.code.tex
File: pgfsyssoftpath.code.tex 2023-01-15 v3.1.10 (3.1.10)
\pgfsyssoftpath@smallbuffer@items=\count313
\pgfsyssoftpath@bigbuffer@items=\count314
)
(C:/Users/user/AppData/Local/Programs/MiKTeX/tex/generic/pgf/systemlayer/pgfsys
protocol.code.tex
File: pgfsysprotocol.code.tex 2023-01-15 v3.1.10 (3.1.10)
))
(C:/Users/user/AppData/Local/Programs/MiKTeX/tex/generic/pgf/basiclayer/pgfcore
.code.tex
Package: pgfcore 2023-01-15 v3.1.10 (3.1.10)

(C:/Users/user/AppData/Local/Programs/MiKTeX/tex/generic/pgf/math/pgfmath.code.
tex
(C:/Users/user/AppData/Local/Programs/MiKTeX/tex/generic/pgf/math/pgfmathutil.c
ode.tex)
(C:/Users/user/AppData/Local/Programs/MiKTeX/tex/generic/pgf/math/pgfmathparser
.code.tex
\pgfmath@dimen=\dimen186
\pgfmath@count=\count315
\pgfmath@box=\box64
\pgfmath@toks=\toks44
\pgfmath@stack@operand=\toks45
\pgfmath@stack@operation=\toks46
)
(C:/Users/user/AppData/Local/Programs/MiKTeX/tex/generic/pgf/math/pgfmathfuncti
ons.code.tex)
(C:/Users/user/AppData/Local/Programs/MiKTeX/tex/generic/pgf/math/pgfmathfuncti
ons.basic.code.tex)
(C:/Users/user/AppData/Local/Programs/MiKTeX/tex/generic/pgf/math/pgfmathfuncti
ons.trigonometric.code.tex)
(C:/Users/user/AppData/Local/Programs/MiKTeX/tex/generic/pgf/math/pgfmathfuncti
ons.random.code.tex)
(C:/Users/user/AppData/Local/Programs/MiKTeX/tex/generic/pgf/math/pgfmathfuncti
ons.comparison.code.tex)
(C:/Users/user/AppData/Local/Programs/MiKTeX/tex/generic/pgf/math/pgfmathfuncti
ons.base.code.tex)
(C:/Users/user/AppData/Local/Programs/MiKTeX/tex/generic/pgf/math/pgfmathfuncti
ons.round.code.tex)
(C:/Users/user/AppData/Local/Programs/MiKTeX/tex/generic/pgf/math/pgfmathfuncti
ons.misc.code.tex)
(C:/Users/user/AppData/Local/Programs/MiKTeX/tex/generic/pgf/math/pgfmathfuncti
ons.integerarithmetics.code.tex)
(C:/Users/user/AppData/Local/Programs/MiKTeX/tex/generic/pgf/math/pgfmathcalc.c
ode.tex)
(C:/Users/user/AppData/Local/Programs/MiKTeX/tex/generic/pgf/math/pgfmathfloat.
code.tex
\c@pgfmathroundto@lastzeros=\count316
))
(C:/Users/user/AppData/Local/Programs/MiKTeX/tex/generic/pgf/math/pgfint.code.t
ex)
(C:/Users/user/AppData/Local/Programs/MiKTeX/tex/generic/pgf/basiclayer/pgfcore
points.code.tex
File: pgfcorepoints.code.tex 2023-01-15 v3.1.10 (3.1.10)
\pgf@picminx=\dimen187
\pgf@picmaxx=\dimen188
\pgf@picminy=\dimen189
\pgf@picmaxy=\dimen190
\pgf@pathminx=\dimen191
\pgf@pathmaxx=\dimen192
\pgf@pathminy=\dimen193
\pgf@pathmaxy=\dimen194
\pgf@xx=\dimen195
\pgf@xy=\dimen196
\pgf@yx=\dimen197
\pgf@yy=\dimen198
\pgf@zx=\dimen199
\pgf@zy=\dimen256
)
(C:/Users/user/AppData/Local/Programs/MiKTeX/tex/generic/pgf/basiclayer/pgfcore
pathconstruct.code.tex
File: pgfcorepathconstruct.code.tex 2023-01-15 v3.1.10 (3.1.10)
\pgf@path@lastx=\dimen257
\pgf@path@lasty=\dimen258
)
(C:/Users/user/AppData/Local/Programs/MiKTeX/tex/generic/pgf/basiclayer/pgfcore
pathusage.code.tex
File: pgfcorepathusage.code.tex 2023-01-15 v3.1.10 (3.1.10)
\pgf@shorten@end@additional=\dimen259
\pgf@shorten@start@additional=\dimen260
)
(C:/Users/user/AppData/Local/Programs/MiKTeX/tex/generic/pgf/basiclayer/pgfcore
scopes.code.tex
File: pgfcorescopes.code.tex 2023-01-15 v3.1.10 (3.1.10)
\pgfpic=\box65
\pgf@hbox=\box66
\pgf@layerbox@main=\box67
\pgf@picture@serial@count=\count317
)
(C:/Users/user/AppData/Local/Programs/MiKTeX/tex/generic/pgf/basiclayer/pgfcore
graphicstate.code.tex
File: pgfcoregraphicstate.code.tex 2023-01-15 v3.1.10 (3.1.10)
\pgflinewidth=\dimen261
)
(C:/Users/user/AppData/Local/Programs/MiKTeX/tex/generic/pgf/basiclayer/pgfcore
transformations.code.tex
File: pgfcoretransformations.code.tex 2023-01-15 v3.1.10 (3.1.10)
\pgf@pt@x=\dimen262
\pgf@pt@y=\dimen263
\pgf@pt@temp=\dimen264
)
(C:/Users/user/AppData/Local/Programs/MiKTeX/tex/generic/pgf/basiclayer/pgfcore
quick.code.tex
File: pgfcorequick.code.tex 2023-01-15 v3.1.10 (3.1.10)
)
(C:/Users/user/AppData/Local/Programs/MiKTeX/tex/generic/pgf/basiclayer/pgfcore
objects.code.tex
File: pgfcoreobjects.code.tex 2023-01-15 v3.1.10 (3.1.10)
)
(C:/Users/user/AppData/Local/Programs/MiKTeX/tex/generic/pgf/basiclayer/pgfcore
pathprocessing.code.tex
File: pgfcorepathprocessing.code.tex 2023-01-15 v3.1.10 (3.1.10)
)
(C:/Users/user/AppData/Local/Programs/MiKTeX/tex/generic/pgf/basiclayer/pgfcore
arrows.code.tex
File: pgfcorearrows.code.tex 2023-01-15 v3.1.10 (3.1.10)
\pgfarrowsep=\dimen265
)
(C:/Users/user/AppData/Local/Programs/MiKTeX/tex/generic/pgf/basiclayer/pgfcore
shade.code.tex
File: pgfcoreshade.code.tex 2023-01-15 v3.1.10 (3.1.10)
\pgf@max=\dimen266
\pgf@sys@shading@range@num=\count318
\pgf@shadingcount=\count319
)
(C:/Users/user/AppData/Local/Programs/MiKTeX/tex/generic/pgf/basiclayer/pgfcore
image.code.tex
File: pgfcoreimage.code.tex 2023-01-15 v3.1.10 (3.1.10)
)
(C:/Users/user/AppData/Local/Programs/MiKTeX/tex/generic/pgf/basiclayer/pgfcore
external.code.tex
File: pgfcoreexternal.code.tex 2023-01-15 v3.1.10 (3.1.10)
\pgfexternal@startupbox=\box68
)
(C:/Users/user/AppData/Local/Programs/MiKTeX/tex/generic/pgf/basiclayer/pgfcore
layers.code.tex
File: pgfcorelayers.code.tex 2023-01-15 v3.1.10 (3.1.10)
)
(C:/Users/user/AppData/Local/Programs/MiKTeX/tex/generic/pgf/basiclayer/pgfcore
transparency.code.tex
File: pgfcoretransparency.code.tex 2023-01-15 v3.1.10 (3.1.10)
)
(C:/Users/user/AppData/Local/Programs/MiKTeX/tex/generic/pgf/basiclayer/pgfcore
patterns.code.tex
File: pgfcorepatterns.code.tex 2023-01-15 v3.1.10 (3.1.10)
)
(C:/Users/user/AppData/Local/Programs/MiKTeX/tex/generic/pgf/basiclayer/pgfcore
rdf.code.tex
File: pgfcorerdf.code.tex 2023-01-15 v3.1.10 (3.1.10)
)))
(C:/Users/user/AppData/Local/Programs/MiKTeX/tex/generic/pgf/modules/pgfmodules
hapes.code.tex
File: pgfmoduleshapes.code.tex 2023-01-15 v3.1.10 (3.1.10)
\pgfnodeparttextbox=\box69
)
(C:/Users/user/AppData/Local/Programs/MiKTeX/tex/generic/pgf/modules/pgfmodulep
lot.code.tex
File: pgfmoduleplot.code.tex 2023-01-15 v3.1.10 (3.1.10)
)
(C:/Users/user/AppData/Local/Programs/MiKTeX/tex/latex/pgf/compatibility/pgfcom
p-version-0-65.sty
Package: pgfcomp-version-0-65 2023-01-15 v3.1.10 (3.1.10)
\pgf@nodesepstart=\dimen267
\pgf@nodesepend=\dimen268
)
(C:/Users/user/AppData/Local/Programs/MiKTeX/tex/latex/pgf/compatibility/pgfcom
p-version-1-18.sty
Package: pgfcomp-version-1-18 2023-01-15 v3.1.10 (3.1.10)
))
(C:/Users/user/AppData/Local/Programs/MiKTeX/tex/latex/pgf/utilities/pgffor.sty

(C:/Users/user/AppData/Local/Programs/MiKTeX/tex/latex/pgf/utilities/pgfkeys.st
y
(C:/Users/user/AppData/Local/Programs/MiKTeX/tex/generic/pgf/utilities/pgfkeys.
code.tex))
(C:/Users/user/AppData/Local/Programs/MiKTeX/tex/latex/pgf/math/pgfmath.sty
(C:/Users/user/AppData/Local/Programs/MiKTeX/tex/generic/pgf/math/pgfmath.code.
tex))
(C:/Users/user/AppData/Local/Programs/MiKTeX/tex/generic/pgf/utilities/pgffor.c
ode.tex
Package: pgffor 2023-01-15 v3.1.10 (3.1.10)
\pgffor@iter=\dimen269
\pgffor@skip=\dimen270
\pgffor@stack=\toks47
\pgffor@toks=\toks48
))
(C:/Users/user/AppData/Local/Programs/MiKTeX/tex/generic/pgf/frontendlayer/tikz
/tikz.code.tex
Package: tikz 2023-01-15 v3.1.10 (3.1.10)

(C:/Users/user/AppData/Local/Programs/MiKTeX/tex/generic/pgf/libraries/pgflibra
ryplothandlers.code.tex
File: pgflibraryplothandlers.code.tex 2023-01-15 v3.1.10 (3.1.10)
\pgf@plot@mark@count=\count320
\pgfplotmarksize=\dimen271
)
\tikz@lastx=\dimen272
\tikz@lasty=\dimen273
\tikz@lastxsaved=\dimen274
\tikz@lastysaved=\dimen275
\tikz@lastmovetox=\dimen276
\tikz@lastmovetoy=\dimen277
\tikzleveldistance=\dimen278
\tikzsiblingdistance=\dimen279
\tikz@figbox=\box70
\tikz@figbox@bg=\box71
\tikz@tempbox=\box72
\tikz@tempbox@bg=\box73
\tikztreelevel=\count321
\tikznumberofchildren=\count322
\tikznumberofcurrentchild=\count323
\tikz@fig@count=\count324

(C:/Users/user/AppData/Local/Programs/MiKTeX/tex/generic/pgf/modules/pgfmodulem
atrix.code.tex
File: pgfmodulematrix.code.tex 2023-01-15 v3.1.10 (3.1.10)
\pgfmatrixcurrentrow=\count325
\pgfmatrixcurrentcolumn=\count326
\pgf@matrix@numberofcolumns=\count327
)
\tikz@expandcount=\count328

(C:/Users/user/AppData/Local/Programs/MiKTeX/tex/generic/pgf/frontendlayer/tikz
/libraries/tikzlibrarytopaths.code.tex
File: tikzlibrarytopaths.code.tex 2023-01-15 v3.1.10 (3.1.10)
)))
(C:/Users/user/AppData/Local/Programs/MiKTeX/tex/generic/pgfplots/pgfplots.code
.tex
(C:/Users/user/AppData/Local/Programs/MiKTeX/tex/generic/pgfplots/pgfplotscore.
code.tex
Package pgfplots info on input line 124: Initializing with LUA version Lua 5.3
\pgfplots@luabackend@table=\catcodetable14
\t@pgfplots@toka=\toks49
\t@pgfplots@tokb=\toks50
\t@pgfplots@tokc=\toks51
\pgfplots@tmpa=\dimen280
\c@pgfplots@coordindex=\count329
\c@pgfplots@scanlineindex=\count330

(C:/Users/user/AppData/Local/Programs/MiKTeX/tex/generic/pgfplots/sys/pgfplotss
ysgeneric.code.tex))
(C:/Users/user/AppData/Local/Programs/MiKTeX/tex/generic/pgfplots/libs/pgfplots
library.code.tex)
(C:/Users/user/AppData/Local/Programs/MiKTeX/tex/generic/pgfplots/oldpgfcompati
b/pgfplotsoldpgfsupp_loader.code.tex
(C:/Users/user/AppData/Local/Programs/MiKTeX/tex/generic/pgf/libraries/pgflibra
ryfpu.code.tex)
Package pgfplots: loading complementary utilities for your pgf version...
\t@pgf@toka=\toks52
\t@pgf@tokb=\toks53
\t@pgf@tokc=\toks54

(C:/Users/user/AppData/Local/Programs/MiKTeX/tex/generic/pgfplots/oldpgfcompati
b/pgfplotsoldpgfsupp_pgfutil-common-lists.tex)
(C:/Users/user/AppData/Local/Programs/MiKTeX/tex/generic/pgf/libraries/luamath/
pgflibraryluamath.code.tex)
Package pgfplots info on input line 290: luamath library shipped with pgf 3.1.1
0 is up-to-date
)
(C:/Users/user/AppData/Local/Programs/MiKTeX/tex/generic/pgfplots/util/pgfplots
util.code.tex
Package pgfplots info on input line 82: Found new luatex: initializing lua comm
ands instead of write18 (shell-escape)

(C:/Users/user/AppData/Local/Programs/MiKTeX/tex/generic/pgfplots/liststructure
/pgfplotsliststructure.code.tex)
(C:/Users/user/AppData/Local/Programs/MiKTeX/tex/generic/pgfplots/liststructure
/pgfplotsliststructureext.code.tex)
(C:/Users/user/AppData/Local/Programs/MiKTeX/tex/generic/pgfplots/liststructure
/pgfplotsarray.code.tex
\c@pgfplotsarray@tmp=\count331
)
(C:/Users/user/AppData/Local/Programs/MiKTeX/tex/generic/pgfplots/liststructure
/pgfplotsmatrix.code.tex)
(C:/Users/user/AppData/Local/Programs/MiKTeX/tex/generic/pgfplots/numtable/pgfp
lotstableshared.code.tex
\c@pgfplotstable@counta=\count332
\t@pgfplotstable@a=\toks55
)
(C:/Users/user/AppData/Local/Programs/MiKTeX/tex/generic/pgfplots/liststructure
/pgfplotsdeque.code.tex)
(C:/Users/user/AppData/Local/Programs/MiKTeX/tex/generic/pgfplots/util/pgfplots
binary.code.tex
(C:/Users/user/AppData/Local/Programs/MiKTeX/tex/generic/pgfplots/util/pgfplots
binary.data.code.tex))
(C:/Users/user/AppData/Local/Programs/MiKTeX/tex/generic/pgfplots/util/pgfplots
util.verb.code.tex)
(C:/Users/user/AppData/Local/Programs/MiKTeX/tex/generic/pgfplots/libs/pgflibra
rypgfplots.surfshading.code.tex
\c@pgfplotslibrarysurf@no=\count333

(C:/Users/user/AppData/Local/Programs/MiKTeX/tex/generic/pgfplots/sys/pgflibrar
ypgfplots.surfshading.pgfsys-luatex.def)))
(C:/Users/user/AppData/Local/Programs/MiKTeX/tex/generic/pgfplots/util/pgfplots
colormap.code.tex
(C:/Users/user/AppData/Local/Programs/MiKTeX/tex/generic/pgfplots/util/pgfplots
color.code.tex))
(C:/Users/user/AppData/Local/Programs/MiKTeX/tex/generic/pgfplots/pgfplotsstack
edplots.code.tex)
(C:/Users/user/AppData/Local/Programs/MiKTeX/tex/generic/pgfplots/pgfplotsploth
andlers.code.tex
(C:/Users/user/AppData/Local/Programs/MiKTeX/tex/generic/pgfplots/pgfplotsmeshp
lothandler.code.tex
(C:/Users/user/AppData/Local/Programs/MiKTeX/tex/generic/pgfplots/pgfplotsmeshp
lotimage.code.tex)))
(C:/Users/user/AppData/Local/Programs/MiKTeX/tex/generic/pgfplots/pgfplots.scal
ing.code.tex)
(C:/Users/user/AppData/Local/Programs/MiKTeX/tex/generic/pgfplots/pgfplotscoord
processing.code.tex)
(C:/Users/user/AppData/Local/Programs/MiKTeX/tex/generic/pgfplots/pgfplots.erro
rbars.code.tex)
(C:/Users/user/AppData/Local/Programs/MiKTeX/tex/generic/pgfplots/pgfplots.mark
ers.code.tex)
(C:/Users/user/AppData/Local/Programs/MiKTeX/tex/generic/pgfplots/pgfplotsticks
.code.tex)
(C:/Users/user/AppData/Local/Programs/MiKTeX/tex/generic/pgfplots/pgfplots.path
s.code.tex)
(C:/Users/user/AppData/Local/Programs/MiKTeX/tex/generic/pgf/frontendlayer/tikz
/libraries/tikzlibrarydecorations.code.tex
(C:/Users/user/AppData/Local/Programs/MiKTeX/tex/generic/pgf/modules/pgfmoduled
ecorations.code.tex
\pgfdecoratedcompleteddistance=\dimen281
\pgfdecoratedremainingdistance=\dimen282
\pgfdecoratedinputsegmentcompleteddistance=\dimen283
\pgfdecoratedinputsegmentremainingdistance=\dimen284
\pgf@decorate@distancetomove=\dimen285
\pgf@decorate@repeatstate=\count334
\pgfdecorationsegmentamplitude=\dimen286
\pgfdecorationsegmentlength=\dimen287
)
\tikz@lib@dec@box=\box74
)
(C:/Users/user/AppData/Local/Programs/MiKTeX/tex/generic/pgf/frontendlayer/tikz
/libraries/tikzlibrarydecorations.pathmorphing.code.tex
(C:/Users/user/AppData/Local/Programs/MiKTeX/tex/generic/pgf/libraries/decorati
ons/pgflibrarydecorations.pathmorphing.code.tex))
(C:/Users/user/AppData/Local/Programs/MiKTeX/tex/generic/pgf/frontendlayer/tikz
/libraries/tikzlibrarydecorations.pathreplacing.code.tex
(C:/Users/user/AppData/Local/Programs/MiKTeX/tex/generic/pgf/libraries/decorati
ons/pgflibrarydecorations.pathreplacing.code.tex))
(C:/Users/user/AppData/Local/Programs/MiKTeX/tex/generic/pgfplots/libs/tikzlibr
arypgfplots.contourlua.code.tex)
\pgfplots@numplots=\count335
\pgfplots@xmin@reg=\dimen288
\pgfplots@xmax@reg=\dimen289
\pgfplots@ymin@reg=\dimen290
\pgfplots@ymax@reg=\dimen291
\pgfplots@zmin@reg=\dimen292
\pgfplots@zmax@reg=\dimen293
)
(C:/Users/user/AppData/Local/Programs/MiKTeX/tex/generic/pgf/frontendlayer/tikz
/libraries/tikzlibraryplotmarks.code.tex
File: tikzlibraryplotmarks.code.tex 2023-01-15 v3.1.10 (3.1.10)

(C:/Users/user/AppData/Local/Programs/MiKTeX/tex/generic/pgf/libraries/pgflibra
ryplotmarks.code.tex
File: pgflibraryplotmarks.code.tex 2023-01-15 v3.1.10 (3.1.10)
)))
(C:/Users/user/AppData/Local/Programs/MiKTeX/tex/latex/bclogo/bclogo.sty
Package: bclogo 2024/01/23 v3.15

(C:/Users/user/AppData/Local/Programs/MiKTeX/tex/latex/xkeyval/xkeyval.sty
Package: xkeyval 2022/06/16 v2.9 package option processing (HA)

(C:/Users/user/AppData/Local/Programs/MiKTeX/tex/generic/xkeyval/xkeyval.tex
(C:/Users/user/AppData/Local/Programs/MiKTeX/tex/generic/xkeyval/xkvutils.tex
\XKV@toks=\toks56
\XKV@tempa@toks=\toks57
)
\XKV@depth=\count336
File: xkeyval.tex 2014/12/03 v2.7a key=value parser (HA)
)) (C:/Users/user/AppData/Local/Programs/MiKTeX/tex/latex/base/ifthen.sty
Package: ifthen 2022/04/13 v1.1d Standard LaTeX ifthen package (DPC)
)
\bc@invboxh=\skip74
\bc@invboxd=\skip75
\bc@titleLength=\skip76
\logowidth=\skip77

(C:/Users/user/AppData/Local/Programs/MiKTeX/tex/latex/mdframed/mdframed.sty
Package: mdframed 2013/07/01 1.9b: mdframed

(C:/Users/user/AppData/Local/Programs/MiKTeX/tex/latex/kvoptions/kvoptions.sty
Package: kvoptions 2022-06-15 v3.15 Key value format for package options (HO)

(C:/Users/user/AppData/Local/Programs/MiKTeX/tex/generic/ltxcmds/ltxcmds.sty
Package: ltxcmds 2023-12-04 v1.26 LaTeX kernel commands for general use (HO)
)
(C:/Users/user/AppData/Local/Programs/MiKTeX/tex/latex/kvsetkeys/kvsetkeys.sty
Package: kvsetkeys 2022-10-05 v1.19 Key value parser (HO)
)) (C:/Users/user/AppData/Local/Programs/MiKTeX/tex/latex/etoolbox/etoolbox.sty
Package: etoolbox 2020/10/05 v2.5k e-TeX tools for LaTeX (JAW)
\etb@tempcnta=\count337
) (C:/Users/user/AppData/Local/Programs/MiKTeX/tex/latex/zref/zref-abspage.sty
Package: zref-abspage 2023-09-14 v2.35 Module abspage for zref (HO)

(C:/Users/user/AppData/Local/Programs/MiKTeX/tex/latex/zref/zref-base.sty
Package: zref-base 2023-09-14 v2.35 Module base for zref (HO)

(C:/Users/user/AppData/Local/Programs/MiKTeX/tex/generic/infwarerr/infwarerr.st
y
Package: infwarerr 2019/12/03 v1.5 Providing info/warning/error messages (HO)
)
(C:/Users/user/AppData/Local/Programs/MiKTeX/tex/generic/kvdefinekeys/kvdefinek
eys.sty
Package: kvdefinekeys 2019-12-19 v1.6 Define keys (HO)
)
(C:/Users/user/AppData/Local/Programs/MiKTeX/tex/generic/pdftexcmds/pdftexcmds.
sty
Package: pdftexcmds 2020-06-27 v0.33 Utility functions of pdfTeX for LuaTeX (HO
)
Package pdftexcmds Info: \pdf@primitive is available.
Package pdftexcmds Info: \pdf@ifprimitive is available.
Package pdftexcmds Info: \pdfdraftmode found.
\pdftexcmds@toks=\toks58
)
(C:/Users/user/AppData/Local/Programs/MiKTeX/tex/generic/etexcmds/etexcmds.sty
Package: etexcmds 2019/12/15 v1.7 Avoid name clashes with e-TeX commands (HO)
) (C:/Users/user/AppData/Local/Programs/MiKTeX/tex/latex/auxhook/auxhook.sty
Package: auxhook 2019-12-17 v1.6 Hooks for auxiliary files (HO)
)
Package zref Info: New property list: main on input line 767.
Package zref Info: New property: default on input line 768.
Package zref Info: New property: page on input line 769.
)
\c@abspage=\count338
Package zref Info: New property: abspage on input line 67.
)
(C:/Users/user/AppData/Local/Programs/MiKTeX/tex/latex/needspace/needspace.sty
Package: needspace 2010/09/12 v1.3d reserve vertical space
)
\mdf@templength=\skip78
\c@mdf@globalstyle@cnt=\count339
\mdf@skipabove@length=\skip79
\mdf@skipbelow@length=\skip80
\mdf@leftmargin@length=\skip81
\mdf@rightmargin@length=\skip82
\mdf@innerleftmargin@length=\skip83
\mdf@innerrightmargin@length=\skip84
\mdf@innertopmargin@length=\skip85
\mdf@innerbottommargin@length=\skip86
\mdf@splittopskip@length=\skip87
\mdf@splitbottomskip@length=\skip88
\mdf@outermargin@length=\skip89
\mdf@innermargin@length=\skip90
\mdf@linewidth@length=\skip91
\mdf@innerlinewidth@length=\skip92
\mdf@middlelinewidth@length=\skip93
\mdf@outerlinewidth@length=\skip94
\mdf@roundcorner@length=\skip95
\mdf@footenotedistance@length=\skip96
\mdf@userdefinedwidth@length=\skip97
\mdf@needspace@length=\skip98
\mdf@frametitleaboveskip@length=\skip99
\mdf@frametitlebelowskip@length=\skip100
\mdf@frametitlerulewidth@length=\skip101
\mdf@frametitleleftmargin@length=\skip102
\mdf@frametitlerightmargin@length=\skip103
\mdf@shadowsize@length=\skip104
\mdf@extratopheight@length=\skip105
\mdf@subtitleabovelinewidth@length=\skip106
\mdf@subtitlebelowlinewidth@length=\skip107
\mdf@subtitleaboveskip@length=\skip108
\mdf@subtitlebelowskip@length=\skip109
\mdf@subtitleinneraboveskip@length=\skip110
\mdf@subtitleinnerbelowskip@length=\skip111
\mdf@subsubtitleabovelinewidth@length=\skip112
\mdf@subsubtitlebelowlinewidth@length=\skip113
\mdf@subsubtitleaboveskip@length=\skip114
\mdf@subsubtitlebelowskip@length=\skip115
\mdf@subsubtitleinneraboveskip@length=\skip116
\mdf@subsubtitleinnerbelowskip@length=\skip117
(C:/Users/user/AppData/Local/Programs/MiKTeX/tex/latex/mdframed/md-frame-1.mdf
File: md-frame-1.mdf 2013/07/01\ 1.9b: md-frame-1
)
\mdf@frametitlebox=\box75
\mdf@footnotebox=\box76
\mdf@splitbox@one=\box77
\mdf@splitbox@two=\box78
\mdf@splitbox@save=\box79
\mdfsplitboxwidth=\skip118
\mdfsplitboxtotalwidth=\skip119
\mdfsplitboxheight=\skip120
\mdfsplitboxdepth=\skip121
\mdfsplitboxtotalheight=\skip122
\mdfframetitleboxwidth=\skip123
\mdfframetitleboxtotalwidth=\skip124
\mdfframetitleboxheight=\skip125
\mdfframetitleboxdepth=\skip126
\mdfframetitleboxtotalheight=\skip127
\mdffootnoteboxwidth=\skip128
\mdffootnoteboxtotalwidth=\skip129
\mdffootnoteboxheight=\skip130
\mdffootnoteboxdepth=\skip131
\mdffootnoteboxtotalheight=\skip132
\mdftotallinewidth=\skip133
\mdfboundingboxwidth=\skip134
\mdfboundingboxtotalwidth=\skip135
\mdfboundingboxheight=\skip136
\mdfboundingboxdepth=\skip137
\mdfboundingboxtotalheight=\skip138
\mdf@freevspace@length=\skip139
\mdf@horizontalwidthofbox@length=\skip140
\mdf@verticalmarginwhole@length=\skip141
\mdf@horizontalspaceofbox=\skip142
\mdfsubtitleheight=\skip143
\mdfsubsubtitleheight=\skip144
\c@mdfcountframes=\count340

****** mdframed patching \endmdf@trivlist

****** -- success******

\mdf@envdepth=\count341
\c@mdf@env@i=\count342
\c@mdf@env@ii=\count343
\c@mdf@zref@counter=\count344
Package zref Info: New property: mdf@pagevalue on input line 895.
)
(C:/Users/user/AppData/Local/Programs/MiKTeX/tex/generic/pgf/frontendlayer/tikz
/libraries/tikzlibraryshadows.code.tex
File: tikzlibraryshadows.code.tex 2023-01-15 v3.1.10 (3.1.10)

(C:/Users/user/AppData/Local/Programs/MiKTeX/tex/generic/pgf/frontendlayer/tikz
/libraries/tikzlibraryfadings.code.tex
File: tikzlibraryfadings.code.tex 2023-01-15 v3.1.10 (3.1.10)

(C:/Users/user/AppData/Local/Programs/MiKTeX/tex/generic/pgf/libraries/pgflibra
ryfadings.code.tex
File: pgflibraryfadings.code.tex 2023-01-15 v3.1.10 (3.1.10)
)))
(C:/Users/user/AppData/Local/Programs/MiKTeX/tex/generic/iftex/ifpdf.sty
Package: ifpdf 2019/10/25 v3.4 ifpdf legacy package. Use iftex instead.
)
\c@bclogocompteur=\count345
\bcval@epBarre=\skip145
\bcval@framesep=\skip146
\bcval@tailleOndu=\skip147
\bcval@borderWidth=\skip148
\bcval@margeG=\skip149
\bcval@margeD=\skip150
\bc@envbox=\box80
)
(C:/Users/user/AppData/Local/Programs/MiKTeX/tex/generic/pgf/libraries/pgflibra
ryarrows.meta.code.tex
File: pgflibraryarrows.meta.code.tex 2023-01-15 v3.1.10 (3.1.10)
\pgfarrowinset=\dimen294
\pgfarrowlength=\dimen295
\pgfarrowwidth=\dimen296
\pgfarrowlinewidth=\dimen297
)
(C:/Users/user/AppData/Local/Programs/MiKTeX/tex/latex/psnfss/mathpazo.sty
Package: mathpazo 2020/03/25 PSNFSS-v9.3 Palatino w/ Pazo Math (D.Puga, WaS) 
\symupright=\mathgroup7
)
(C:/Users/user/AppData/Local/Programs/MiKTeX/tex/latex/ulem/ulem.sty
\UL@box=\box81
\UL@hyphenbox=\box82
\UL@skip=\skip151
\UL@hook=\toks59
\UL@height=\dimen298
\UL@pe=\count346
\UL@pixel=\dimen299
\ULC@box=\box83
Package: ulem 2019/11/18
\ULdepth=\dimen300
)
(C:/Users/user/AppData/Local/Programs/MiKTeX/tex/latex/yagusylo/yagusylo.sty
Package: yagusylo 2009/02/26 v1.2 Yet Another Grand Unified Symbols Loader par 
Le TeXnicien de surface

(C:/Users/user/AppData/Local/Programs/MiKTeX/tex/latex/xifthen/xifthen.sty
Package: xifthen 2015/11/05 v1.4.0 Extended ifthen features

(C:/Users/user/AppData/Local/Programs/MiKTeX/tex/latex/tools/calc.sty
Package: calc 2023/07/08 v4.3 Infix arithmetic (KKT,FJ)
\calc@Acount=\count347
\calc@Bcount=\count348
\calc@Adimen=\dimen301
\calc@Bdimen=\dimen302
\calc@Askip=\skip152
\calc@Bskip=\skip153
LaTeX Info: Redefining \setlength on input line 80.
LaTeX Info: Redefining \addtolength on input line 81.
\calc@Ccount=\count349
\calc@Cskip=\skip154
)
(C:/Users/user/AppData/Local/Programs/MiKTeX/tex/latex/ifmtarg/ifmtarg.sty
Package: ifmtarg 2018/04/16 v1.2b check for an empty argument
))
(C:/Users/user/AppData/Local/Programs/MiKTeX/tex/latex/bigfoot/suffix.sty
Package: suffix 2006/07/15 1.5a Variant command support
)
(C:/Users/user/AppData/Local/Programs/MiKTeX/tex/latex/xargs/xargs.sty
Package: xargs 2008/03/22 v1.1  extended macro definitions  (mpg)
\xargs@max=\count350
\xargs@toksa=\toks60
\xargs@toksb=\toks61
)
\Y@Glinehead=\skip155
\Y@Glinetail=\skip156
\c@Y@GItemLevel=\count351
\c@Y@GItemMark=\count352
\c@Y@GYagitemizeMaxDepth=\count353
\c@Y@GYagitemizeStarMaxDepth=\count354
\c@Y@GItemStarLevel=\count355
\c@Y@Gmaxitem=\count356
\c@Y@Gcitem=\count357
)
Package yagusylo Info: 
============================================================

****************** YAGUSYLO GLOBAL SETUPS ******************

===================== GENERAL OPTIONS ======================

option ``info'' ......... is ``normal''
option ``onerror'' ...... is ``tough''
option ``color'' ........ is ``false''
option ``configfile'' ... is ``false''

-------------------- CHANGEABLE OPTIONS --------------------

option ``symfam'' ......... is ``pifont''
option ``leadtype'' ....... is ``l''
option ``symplace'' ....... is ``c''
option ``sympos'' ......... is ``0''
option ``boxwidth'' ....... is ``0.2in''
option ``before'' ......... is ``0pt''
option ``after'' .......... is ``0pt''
option ``head'' ........... is ``36.135pt''
option ``tail'' ........... is ``36.135pt''
::::::::::::::::: OPTIONS FOR YAGENUMERATE :::::::::::::::::
option ``firstitemnum'' ... is ``172''
option ``enumlength'' ..... is ``10''
option ``symfam'' ......... is ``pifont''
------------------------------------------------------------

The known patterns for environment ``yagenumerate'' are:
``piwcr'' (default), ``piwcs'', ``pibcr'', and ``pibcs''.

============================================================

(C:/Users/user/AppData/Local/Programs/MiKTeX/tex/latex/base/textcomp.sty
Package: textcomp 2020/02/02 v2.0n Standard LaTeX package
)
(C:/Users/user/AppData/Local/Programs/MiKTeX/tex/latex/tools/multicol.sty
Package: multicol 2023/03/30 v1.9f multicolumn formatting (FMi)
\c@tracingmulticols=\count358
\mult@box=\box84
\multicol@leftmargin=\dimen303
\c@unbalance=\count359
\c@collectmore=\count360
\doublecol@number=\count361
\multicoltolerance=\count362
\multicolpretolerance=\count363
\full@width=\dimen304
\page@free=\dimen305
\premulticols=\dimen306
\postmulticols=\dimen307
\multicolsep=\skip157
\multicolbaselineskip=\skip158
\partial@page=\box85
\last@line=\box86
\mc@boxedresult=\box87
\maxbalancingoverflow=\dimen308
\mult@rightbox=\box88
\mult@grightbox=\box89
\mult@firstbox=\box90
\mult@gfirstbox=\box91
\@tempa=\box92
\@tempa=\box93
\@tempa=\box94
\@tempa=\box95
\@tempa=\box96
\@tempa=\box97
\@tempa=\box98
\@tempa=\box99
\@tempa=\box100
\@tempa=\box101
\@tempa=\box102
\@tempa=\box103
\@tempa=\box104
\@tempa=\box105
\@tempa=\box106
\@tempa=\box107
\@tempa=\box108
\@tempa=\box109
\@tempa=\box110
\@tempa=\box111
\@tempa=\box112
\@tempa=\box113
\@tempa=\box114
\@tempa=\box115
\@tempa=\box116
\@tempa=\box117
\@tempa=\box118
\@tempa=\box119
\@tempa=\box120
\@tempa=\box121
\@tempa=\box122
\@tempa=\box123
\@tempa=\box124
\@tempa=\box125
\@tempa=\box126
\@tempa=\box127
\c@minrows=\count364
\c@columnbadness=\count365
\c@finalcolumnbadness=\count366
\last@try=\dimen309
\multicolovershoot=\dimen310
\multicolundershoot=\dimen311
\mult@nat@firstbox=\box128
\colbreak@box=\box129
\mc@col@check@num=\count367
)
(C:/Users/user/AppData/Local/Programs/MiKTeX/tex/latex/varwidth/varwidth.sty
Package: varwidth 2009/03/30 ver 0.92;  Variable-width minipages
\@vwid@box=\box130
\sift@deathcycles=\count368
\@vwid@loff=\dimen312
\@vwid@roff=\dimen313
)
(C:/Users/user/AppData/Local/Programs/MiKTeX/tex/generic/pgf/frontendlayer/tikz
/libraries/tikzlibrarycalc.code.tex
File: tikzlibrarycalc.code.tex 2023-01-15 v3.1.10 (3.1.10)
)
(C:/Users/user/AppData/Local/Programs/MiKTeX/tex/generic/pgf/frontendlayer/tikz
/libraries/tikzlibraryintersections.code.tex
(C:/Users/user/AppData/Local/Programs/MiKTeX/tex/generic/pgf/libraries/pgflibra
ryintersections.code.tex
\pgf@intersect@solutions=\count369
))
(C:/Users/user/AppData/Local/Programs/MiKTeX/tex/latex/tkz-tab/tkz-tab.sty
Package: tkz-tab 2020/04/29 v2.12c variations (ctan version)

(C:/Users/user/AppData/Local/Programs/MiKTeX/tex/generic/pgf/frontendlayer/tikz
/libraries/tikzlibraryarrows.code.tex
File: tikzlibraryarrows.code.tex 2023-01-15 v3.1.10 (3.1.10)

(C:/Users/user/AppData/Local/Programs/MiKTeX/tex/generic/pgf/libraries/pgflibra
ryarrows.code.tex
File: pgflibraryarrows.code.tex 2023-01-15 v3.1.10 (3.1.10)
\arrowsize=\dimen314
))
(C:/Users/user/AppData/Local/Programs/MiKTeX/tex/generic/pgf/frontendlayer/tikz
/libraries/tikzlibrarypatterns.code.tex
File: tikzlibrarypatterns.code.tex 2023-01-15 v3.1.10 (3.1.10)

(C:/Users/user/AppData/Local/Programs/MiKTeX/tex/generic/pgf/libraries/pgflibra
rypatterns.code.tex
File: pgflibrarypatterns.code.tex 2023-01-15 v3.1.10 (3.1.10)
))
\tkz@XF=\dimen315
\tkz@YF=\dimen316
\c@tkz@cnt@line=\count370
\c@tkz@cnt@lg=\count371
\c@tkz@cnt@cl=\count372
\c@tkz@cnt@pred=\count373
\c@tkz@cnt@temp=\count374
\c@tkz@cnt@arrow=\count375
\c@tkz@cnt@zone=\count376
\c@tkz@cnt@lgnext=\count377
\c@tkz@cnt@clnext=\count378
\c@tkz@cnt@pair=\count379
\c@tkz@cnt@impair=\count380
\c@tkz@cnt@aw=\count381
)
(C:/Users/user/AppData/Local/Programs/MiKTeX/tex/latex/tcolorbox/tcolorbox.sty
Package: tcolorbox 2024/01/10 version 6.2.0 text color boxes

(C:/Users/user/AppData/Local/Programs/MiKTeX/tex/latex/tools/verbatim.sty
Package: verbatim 2023-11-06 v1.5v LaTeX2e package for verbatim enhancements
\every@verbatim=\toks62
\verbatim@line=\toks63
\verbatim@in@stream=\read4
)
(C:/Users/user/AppData/Local/Programs/MiKTeX/tex/latex/environ/environ.sty
Package: environ 2014/05/04 v0.3 A new way to define environments

(C:/Users/user/AppData/Local/Programs/MiKTeX/tex/latex/trimspaces/trimspaces.st
y
Package: trimspaces 2009/09/17 v1.1 Trim spaces around a token list
))
\tcb@titlebox=\box131
\tcb@upperbox=\box132
\tcb@lowerbox=\box133
\tcb@phantombox=\box134
\c@tcbbreakpart=\count382
\c@tcblayer=\count383
\c@tcolorbox@number=\count384
\l__tcobox_tmpa_box=\box135
\l__tcobox_tmpa_dim=\dimen317
\tcb@temp=\box136
\tcb@temp=\box137
\tcb@temp=\box138
\tcb@temp=\box139

(C:/Users/user/AppData/Local/Programs/MiKTeX/tex/latex/tcolorbox/tcbraster.code
.tex
Library (tcolorbox): 'tcbraster.code.tex' version '6.2.0'
\c@tcbrastercolumn=\count385
\c@tcbrasterrow=\count386
\c@tcbrasternum=\count387
\c@tcbraster=\count388
)
(C:/Users/user/AppData/Local/Programs/MiKTeX/tex/latex/tcolorbox/tcbskins.code.
tex
Library (tcolorbox): 'tcbskins.code.tex' version '6.2.0'

(C:/Users/user/AppData/Local/Programs/MiKTeX/tex/latex/tikzfill/tikzfill.image.
sty
Package: tikzfill.image 2023/08/08 v1.0.1 Image filling library for TikZ

(C:/Users/user/AppData/Local/Programs/MiKTeX/tex/latex/tikzfill/tikzfill-common
.sty
Package: tikzfill-common 2023/08/08 v1.0.1 Auxiliary code for tikzfill
)
(C:/Users/user/AppData/Local/Programs/MiKTeX/tex/latex/tikzfill/tikzlibraryfill
.image.code.tex
File: tikzlibraryfill.image.code.tex 2023/08/08 v1.0.1 Image filling library
\l__tikzfill_img_box=\box140
))
(C:/Users/user/AppData/Local/Programs/MiKTeX/tex/latex/tcolorbox/tcbskinsjigsaw
.code.tex
Library (tcolorbox): 'tcbskinsjigsaw.code.tex' version '6.2.0'
))
(C:/Users/user/AppData/Local/Programs/MiKTeX/tex/latex/tcolorbox/tcbbreakable.c
ode.tex
Library (tcolorbox): 'tcbbreakable.code.tex' version '6.2.0'
(C:/Users/user/AppData/Local/Programs/MiKTeX/tex/latex/pdfcol/pdfcol.sty
Package: pdfcol 2022-09-21 v1.7 Handle new color stacks for pdfTeX (HO)
)
Package pdfcol Info: New color stack `tcb@breakable' = 1 on input line 23.
\tcb@testbox=\box141
\tcb@totalupperbox=\box142
\tcb@totallowerbox=\box143

(C:/Users/user/AppData/Local/Programs/MiKTeX/tex/generic/iftex/ifluatex.sty
Package: ifluatex 2019/10/25 v1.5 ifluatex legacy package. Use iftex instead.
))
(C:/Users/user/AppData/Local/Programs/MiKTeX/tex/latex/tcolorbox/tcbhooks.code.
tex
Library (tcolorbox): 'tcbhooks.code.tex' version '6.2.0'
)
(C:/Users/user/AppData/Local/Programs/MiKTeX/tex/latex/tcolorbox/tcbtheorems.co
de.tex
Library (tcolorbox): 'tcbtheorems.code.tex' version '6.2.0'
)
(C:/Users/user/AppData/Local/Programs/MiKTeX/tex/latex/tcolorbox/tcbfitting.cod
e.tex
Library (tcolorbox): 'tcbfitting.code.tex' version '6.2.0'
\tcbfitdim=\dimen318
\tcb@lowerfitdim=\dimen319
\tcb@upperfitdim=\dimen320
\tcb@cur@hbadness=\count389
)
(C:/Users/user/AppData/Local/Programs/MiKTeX/tex/latex/tcolorbox/tcblistingsutf
8.code.tex
Library (tcolorbox): 'tcblistingsutf8.code.tex' version '6.2.0'

(C:/Users/user/AppData/Local/Programs/MiKTeX/tex/latex/tcolorbox/tcblistings.co
de.tex
Library (tcolorbox): 'tcblistings.code.tex' version '6.2.0'
(C:/Users/user/AppData/Local/Programs/MiKTeX/tex/latex/listings/listings.sty
\lst@mode=\count390
\lst@gtempboxa=\box144
\lst@token=\toks64
\lst@length=\count391
\lst@currlwidth=\dimen321
\lst@column=\count392
\lst@pos=\count393
\lst@lostspace=\dimen322
\lst@width=\dimen323
\lst@newlines=\count394
\lst@lineno=\count395
\lst@maxwidth=\dimen324

(C:/Users/user/AppData/Local/Programs/MiKTeX/tex/latex/listings/lstmisc.sty
File: lstmisc.sty 2023/02/27 1.9 (Carsten Heinz)
\c@lstnumber=\count396
\lst@skipnumbers=\count397
\lst@framebox=\box145
)
(C:/Users/user/AppData/Local/Programs/MiKTeX/tex/latex/listings/listings.cfg
File: listings.cfg 2023/02/27 1.9 listings configuration
))
Package: listings 2023/02/27 1.9 (Carsten Heinz)

(C:/Users/user/AppData/Local/Programs/MiKTeX/tex/latex/tcolorbox/tcblistingscor
e.code.tex
Library (tcolorbox): 'tcblistingscore.code.tex' version '6.2.0'

(C:/Users/user/AppData/Local/Programs/MiKTeX/tex/latex/tcolorbox/tcbprocessing.
code.tex
Library (tcolorbox): 'tcbprocessing.code.tex' version '6.2.0'
)
\c@tcblisting=\count398
))
Package tcolorbox Info: Library `listingsutf8' is compatible with pdftex only. 
Library `listings` is loaded instead. on input line 29.
)
(C:/Users/user/AppData/Local/Programs/MiKTeX/tex/latex/tcolorbox/tcbexternal.co
de.tex
Library (tcolorbox): 'tcbexternal.code.tex' version '6.2.0'
)
(C:/Users/user/AppData/Local/Programs/MiKTeX/tex/latex/tcolorbox/tcbmagazine.co
de.tex
Library (tcolorbox): 'tcbmagazine.code.tex' version '6.2.0'
)
(C:/Users/user/AppData/Local/Programs/MiKTeX/tex/latex/tcolorbox/tcbvignette.co
de.tex
Library (tcolorbox): 'tcbvignette.code.tex' version '6.2.0'
)
(C:/Users/user/AppData/Local/Programs/MiKTeX/tex/latex/tcolorbox/tcbposter.code
.tex
Library (tcolorbox): 'tcbposter.code.tex' version '6.2.0'
)) (C:/Users/user/AppData/Local/Programs/MiKTeX/tex/latex/titlesec/titlesec.sty
Package: titlesec 2023/10/27 v2.16 Sectioning titles
\ttl@box=\box146
\beforetitleunit=\skip159
\aftertitleunit=\skip160
\ttl@plus=\dimen325
\ttl@minus=\dimen326
\ttl@toksa=\toks65
\titlewidth=\dimen327
\titlewidthlast=\dimen328
\titlewidthfirst=\dimen329
) (C:/Users/user/AppData/Local/Programs/MiKTeX/tex/latex/titlesec/titletoc.sty
Package: titletoc 2023/10/27 v2.16 TOC entries
\ttl@leftsep=\dimen330
) (C:/Users/user/AppData/Local/Programs/MiKTeX/tex/latex/minitoc/minitoc.sty
Package: minitoc 2018/07/12 v62 Package minitoc

(C:/Users/user/AppData/Local/Programs/MiKTeX/tex/latex/minitoc/mtcmess.sty
Package: mtcmess 2006/03/14
)
Package minitoc Info: I0001
(minitoc)             *** minitoc package, version 62 ***.
\tf@mtc=\write5
\mtcindent=\skip161
\mtcskipamount=\skip162
Package minitoc Info: I0005
(minitoc)             compatible with hyperref.
Package minitoc Info: I0023
(minitoc)             part level macros available.
Package minitoc Info: I0004
(minitoc)             chapter level macros NOT available.
Package minitoc Info: I0028
(minitoc)             section level macros available.
\mtc@toks=\toks66
\mtc@strutbox=\box147
\mtc@hstrutbox=\box148
Package minitoc Info: I0002
(minitoc)             Autoconfiguration of extensions.

\openout5 = main.mtc0

\openout5 = main.mtc

(./main.mtc0)
Package minitoc Info: I0012
(minitoc)             Long extensions (Unix-like) will be used.
Package minitoc Info: I0031
(minitoc)             ==> this version is configured for UNIX-like 
(minitoc)                 (long extensions) file names.

\openout5 = main.mtc

\openout5 = main.mtc0
\c@ptc=\count399
\c@parttocdepth=\count400
\ptcindent=\skip163
\c@stc=\count401
\c@secttocdepth=\count402
\stcindent=\skip164
Package minitoc Info: I0010
(minitoc)             The english language is selected.
(minitoc)              on input line 4910.

(C:/Users/user/AppData/Local/Programs/MiKTeX/tex/latex/minitoc/english.mld
File: english.mld 2006/01/13
)
(C:/Users/user/AppData/Local/Programs/MiKTeX/tex/latex/minitoc/english.mld
File: english.mld 2006/01/13
))
\c@mysection=\count403
\c@mysubsection=\count404
\c@tcb@cnt@Dfinition=\count405
\c@tcb@cnt@Proposition=\count406
\c@tcb@cnt@Regle=\count407
\c@tcb@cnt@Thm=\count408
\c@tcb@cnt@Exemple=\count409
\c@tcb@cnt@application=\count410
LaTeX Font Info:    Trying to load font information for TU+ppl on input line 27
2.
LaTeX Font Info:    No file TUppl.fd. on input line 272.


LaTeX Font Warning: Font shape `TU/ppl/m/n' undefined
(Font)              using `TU/lmr/m/n' instead on input line 272.

(./main.aux)
\openout1 = main.aux

LaTeX Font Info:    Checking defaults for OML/cmm/m/it on input line 272.
LaTeX Font Info:    ... okay on input line 272.
LaTeX Font Info:    Checking defaults for OMS/cmsy/m/n on input line 272.
LaTeX Font Info:    ... okay on input line 272.
LaTeX Font Info:    Checking defaults for OT1/cmr/m/n on input line 272.
LaTeX Font Info:    ... okay on input line 272.
LaTeX Font Info:    Checking defaults for T1/cmr/m/n on input line 272.
LaTeX Font Info:    ... okay on input line 272.
LaTeX Font Info:    Checking defaults for TS1/cmr/m/n on input line 272.
LaTeX Font Info:    Trying to load font information for TS1+cmr on input line 2
72.

(C:/Users/user/AppData/Local/Programs/MiKTeX/tex/latex/base/ts1cmr.fd
File: ts1cmr.fd 2023/04/13 v2.5m Standard LaTeX font definitions
)
LaTeX Font Info:    ... okay on input line 272.
LaTeX Font Info:    Checking defaults for TU/lmr/m/n on input line 272.
LaTeX Font Info:    ... okay on input line 272.
LaTeX Font Info:    Checking defaults for OMX/cmex/m/n on input line 272.
LaTeX Font Info:    ... okay on input line 272.
LaTeX Font Info:    Checking defaults for U/cmr/m/n on input line 272.
LaTeX Font Info:    ... okay on input line 272.

*geometry* driver: auto-detecting
*geometry* detected driver: luatex
*geometry* verbose mode - [ preamble ] result:
* driver: luatex
* paper: a4paper
* layout: <same size as paper>
* layoutoffset:(h,v)=(0.0pt,0.0pt)
* modes: 
* h-part:(L,W,R)=(14.22636pt, 569.05515pt, 14.22636pt)
* v-part:(T,H,B)=(14.22636pt, 788.14136pt, 42.67912pt)
* \paperwidth=597.50787pt
* \paperheight=845.04684pt
* \textwidth=569.05515pt
* \textheight=788.14136pt
* \oddsidemargin=-58.04362pt
* \evensidemargin=-58.04362pt
* \topmargin=-95.04362pt
* \headheight=12.0pt
* \headsep=25.0pt
* \topskip=10.0pt
* \footskip=30.0pt
* \marginparwidth=57.0pt
* \marginparsep=11.0pt
* \columnsep=10.0pt
* \skip\footins=9.0pt plus 4.0pt minus 2.0pt
* \hoffset=0.0pt
* \voffset=0.0pt
* \mag=1000
* \@twocolumnfalse
* \@twosidefalse
* \@mparswitchfalse
* \@reversemarginfalse
* (1in=72.27pt=25.4mm, 1cm=28.453pt)


(C:/Users/user/AppData/Local/Programs/MiKTeX/tex/context/base/mkii/supp-pdf.mki
i
[Loading MPS to PDF converter (version 2006.09.02).]
\scratchcounter=\count411
\scratchdimen=\dimen331
\scratchbox=\box149
\nofMPsegments=\count412
\nofMParguments=\count413
\everyMPshowfont=\toks67
\MPscratchCnt=\count414
\MPscratchDim=\dimen332
\MPnumerator=\count415
\makeMPintoPDFobject=\count416
\everyMPtoPDFconversion=\toks68
)
(C:/Users/user/AppData/Local/Programs/MiKTeX/tex/latex/epstopdf-pkg/epstopdf-ba
se.sty
Package: epstopdf-base 2020-01-24 v2.11 Base part for package epstopdf
Package epstopdf-base Info: Redefining graphics rule for `.eps' on input line 4
85.

(C:/Users/user/AppData/Local/Programs/MiKTeX/tex/latex/00miktex/epstopdf-sys.cf
g
File: epstopdf-sys.cfg 2021/03/18 v2.0 Configuration of epstopdf for MiKTeX
))
Package pgfplots notification 'compat/show suggested version=true': you might b
enefit from \pgfplotsset{compat=1.18} (current compat level: 1.11).

\c@lstlisting=\count417
Package minitoc(hints) Info: I0049
(minitoc(hints))             ==> You requested the hints option. 
(minitoc(hints))             Some hints are eventually given below.

Package minitoc(hints) Warning: W0099
(minitoc(hints))                --- The titlesec package is loaded. 
(minitoc(hints))                It is incompatible 
(minitoc(hints))                with the minitoc package.


Package minitoc(hints) Warning: W0040
(minitoc(hints))                --- The titletoc package is loaded. 
(minitoc(hints))                It is incompatible 
(minitoc(hints))                with the minitoc package.


LaTeX Font Warning: Font shape `TU/ppl/b/n' undefined
(Font)              using `TU/ppl/m/n' instead on input line 276.

LaTeX Font Info:    Trying to load font information for OT1+ppl on input line 2
80.
(C:/Users/user/AppData/Local/Programs/MiKTeX/tex/latex/psnfss/ot1ppl.fd
File: ot1ppl.fd 2001/06/04 font definitions for OT1/ppl.
)
LaTeX Font Info:    Trying to load font information for OML+zplm on input line 
280.

(C:/Users/user/AppData/Local/Programs/MiKTeX/tex/latex/psnfss/omlzplm.fd
File: omlzplm.fd 2002/09/08 Fontinst v1.914 font definitions for OML/zplm.
)
LaTeX Font Info:    Trying to load font information for OMS+zplm on input line 
280.

(C:/Users/user/AppData/Local/Programs/MiKTeX/tex/latex/psnfss/omszplm.fd
File: omszplm.fd 2002/09/08 Fontinst v1.914 font definitions for OMS/zplm.
)
LaTeX Font Info:    Trying to load font information for OMX+zplm on input line 
280.

(C:/Users/user/AppData/Local/Programs/MiKTeX/tex/latex/psnfss/omxzplm.fd
File: omxzplm.fd 2002/09/08 Fontinst v1.914 font definitions for OMX/zplm.
)
LaTeX Font Info:    Font shape `U/msa/m/n' will be
(Font)              scaled to size 10.42007pt on input line 280.
LaTeX Font Info:    Font shape `U/msa/m/n' will be
(Font)              scaled to size 7.91925pt on input line 280.
LaTeX Font Info:    Font shape `U/msa/m/n' will be
(Font)              scaled to size 6.25204pt on input line 280.
LaTeX Font Info:    Font shape `U/msb/m/n' will be
(Font)              scaled to size 10.42007pt on input line 280.
LaTeX Font Info:    Font shape `U/msb/m/n' will be
(Font)              scaled to size 7.91925pt on input line 280.
LaTeX Font Info:    Font shape `U/msb/m/n' will be
(Font)              scaled to size 6.25204pt on input line 280.
LaTeX Font Info:    Trying to load font information for U+rsfs on input line 28
0.

(C:/Users/user/AppData/Local/Programs/MiKTeX/tex/latex/jknappen/ursfs.fd
File: ursfs.fd 1998/03/24 rsfs font definition file (jk)
)
LaTeX Font Info:    Trying to load font information for OT1+zplm on input line 
280.

(C:/Users/user/AppData/Local/Programs/MiKTeX/tex/latex/psnfss/ot1zplm.fd
File: ot1zplm.fd 2002/09/08 Fontinst v1.914 font definitions for OT1/zplm.
)
[1

{C:/Users/user/AppData/Local/MiKTeX/fonts/map/pdftex/pdftex.map}]
LaTeX Font Info:    Font shape `U/msa/m/n' will be
(Font)              scaled to size 12.50409pt on input line 369.
LaTeX Font Info:    Font shape `U/msa/m/n' will be
(Font)              scaled to size 9.37807pt on input line 369.
LaTeX Font Info:    Font shape `U/msa/m/n' will be
(Font)              scaled to size 7.29405pt on input line 369.
LaTeX Font Info:    Font shape `U/msb/m/n' will be
(Font)              scaled to size 12.50409pt on input line 369.
LaTeX Font Info:    Font shape `U/msb/m/n' will be
(Font)              scaled to size 9.37807pt on input line 369.
LaTeX Font Info:    Font shape `U/msb/m/n' will be
(Font)              scaled to size 7.29405pt on input line 369.
LaTeX Font Info:    Font shape `U/msa/m/n' will be
(Font)              scaled to size 18.00587pt on input line 373.
LaTeX Font Info:    Font shape `U/msb/m/n' will be
(Font)              scaled to size 18.00587pt on input line 373.
LaTeX Font Info:    Font shape `U/msa/m/n' will be
(Font)              scaled to size 5.21004pt on input line 386.
LaTeX Font Info:    Font shape `U/msb/m/n' will be
(Font)              scaled to size 5.21004pt on input line 386.
 [2]
[3]
Package minitoc Info: I0009
(minitoc)             Listing minitoc auxiliary files. 
(minitoc)             Creating the main.maf file.

\openout5 = main.maf


Package minitoc(hints) Warning: W0024
(minitoc(hints))                Some hints have been written 
(minitoc(hints))                in the main.log file.

[4] (./main.aux)
 ***********
LaTeX2e <2023-11-01> patch level 1
L3 programming layer <2024-01-04>
 ***********


LaTeX Font Warning: Some font shapes were not available, defaults substituted.

)

Here is how much of LuaTeX's memory you used:
 40262 strings out of 476497
 100000,1977958 words of node,token memory allocated
 1652 words of node memory still in use:
   34 hlist, 2 vlist, 16 rule, 2 glue, 4 kern, 1 glyph, 87 attribute, 111 glue_s
pec, 87 attribute_list, 2 write, 24 pdf_literal, 24 pdf_colorstack nodes
   avail lists: 1:3,2:5452,3:3034,4:412,5:315,6:96,7:5105,8:33,9:1980,10:5,11:14
0
 60996 multiletter control sequences out of 65536+600000
 187 fonts using 11712895 bytes
 99i,14n,97p,716b,1355s stack positions out of 10000i,1000n,20000p,200000b,200000s
<//?/c:/users/user/appdata/local/programs/miktex/fonts/opentype/public/lm/lmroma
n7-regular.otf><//?/c:/users/user/appdata/local/programs/miktex/fonts/opentype/p
ublic/lm/lmroman9-regular.otf><//?/c:/users/user/appdata/local/programs/miktex/f
onts/opentype/public/lm/lmroman6-regular.otf><//?/c:/users/user/appdata/local/pr
ograms/miktex/fonts/opentype/public/lm/lmsans10-bold.otf><//?/c:/users/user/appd
ata/local/programs/miktex/fonts/opentype/public/lm/lmroman12-regular.otf><//?/c:
/users/user/appdata/local/programs/miktex/fonts/opentype/public/lm/lmroman17-reg
ular.otf>{C:/Users/user/AppData/Local/Programs/MiKTeX/fonts/enc/dvips/base/8r.en
c}<//?/c:/users/user/appdata/local/programs/miktex/fonts/opentype/public/lm/lmsa
ns10-regular.otf><//?/c:/users/user/appdata/local/programs/miktex/fonts/opentype
/public/lm/lmroman10-regular.otf><C:/Users/user/AppData/Local/Programs/MiKTeX/fo
nts/type1/public/amsfonts/cm/cmbsy10.pfb><C:/Users/user/AppData/Local/Programs/M
iKTeX/fonts/type1/public/amsfonts/cm/cmbx10.pfb><C:/Users/user/AppData/Local/Pro
grams/MiKTeX/fonts/type1/public/amsfonts/cm/cmex10.pfb><C:/Users/user/AppData/Lo
cal/Programs/MiKTeX/fonts/type1/urw/palatino/uplb8a.pfb><C:/Users/user/AppData/L
ocal/Programs/MiKTeX/fonts/type1/urw/palatino/uplbi8a.pfb>
Output written on main.pdf (4 pages, 120108 bytes).

PDF statistics: 139 PDF objects out of 1000 (max. 8388607)
 0 named destinations out of 1000 (max. 131072)
 296 words of extra memory for PDF output out of 10000 (max. 100000000)

